\BOOKMARK [1][-]{section.1}{Introduction}{}% 1
\BOOKMARK [2][-]{subsection.1.1}{Purpose}{section.1}% 2
\BOOKMARK [2][-]{subsection.1.2}{Scope}{section.1}% 3
\BOOKMARK [2][-]{subsection.1.3}{Definitions, Acronyms, Abbreviations}{section.1}% 4
\BOOKMARK [2][-]{subsection.1.4}{Revision history}{section.1}% 5
\BOOKMARK [2][-]{subsection.1.5}{Reference Documents}{section.1}% 6
\BOOKMARK [2][-]{subsection.1.6}{Document Structure}{section.1}% 7
\BOOKMARK [1][-]{section.2}{Overall Description}{}% 8
\BOOKMARK [2][-]{subsection.2.1}{Product perspective}{section.2}% 9
\BOOKMARK [2][-]{subsection.2.2}{Product functions}{section.2}% 10
\BOOKMARK [2][-]{subsection.2.3}{User characteristics}{section.2}% 11
\BOOKMARK [2][-]{subsection.2.4}{Assumptions, dependencies and constraints}{section.2}% 12
\BOOKMARK [1][-]{section.3}{Specific Requirements}{}% 13
\BOOKMARK [2][-]{subsection.3.1}{External Interface Requirements}{section.3}% 14
\BOOKMARK [3][-]{subsubsection.3.1.1}{User Interface}{subsection.3.1}% 15
\BOOKMARK [3][-]{subsubsection.3.1.2}{Hardware Interfaces}{subsection.3.1}% 16
\BOOKMARK [3][-]{subsubsection.3.1.3}{Software Interfaces}{subsection.3.1}% 17
\BOOKMARK [3][-]{subsubsection.3.1.4}{Communication Interfaces}{subsection.3.1}% 18
\BOOKMARK [2][-]{subsection.3.2}{Functional Requirements}{section.3}% 19
\BOOKMARK [2][-]{subsection.3.3}{Performance Requirements}{section.3}% 20
\BOOKMARK [2][-]{subsection.3.4}{Design Constraints}{section.3}% 21
\BOOKMARK [3][-]{subsubsection.3.4.1}{Standard compliance}{subsection.3.4}% 22
\BOOKMARK [3][-]{subsubsection.3.4.2}{Hardware limitations}{subsection.3.4}% 23
\BOOKMARK [3][-]{subsubsection.3.4.3}{Any other constraint}{subsection.3.4}% 24
\BOOKMARK [2][-]{subsection.3.5}{Software System Attributes}{section.3}% 25
\BOOKMARK [3][-]{subsubsection.3.5.1}{Reliability}{subsection.3.5}% 26
\BOOKMARK [3][-]{subsubsection.3.5.2}{Availability}{subsection.3.5}% 27
\BOOKMARK [3][-]{subsubsection.3.5.3}{Security}{subsection.3.5}% 28
\BOOKMARK [3][-]{subsubsection.3.5.4}{Maintainability}{subsection.3.5}% 29
\BOOKMARK [3][-]{subsubsection.3.5.5}{Portability}{subsection.3.5}% 30
\BOOKMARK [1][-]{section.4}{Formal Analysis Using Alloy}{}% 31
\BOOKMARK [1][-]{section.5}{Effort Spent}{}% 32
\BOOKMARK [1][-]{section.6}{References}{}% 33
